0 info it worked if it ends with ok
1 verbose cli [ '/usr/local/bin/node', '/usr/local/bin/npm', 'publish', '.' ]
2 info using npm@3.3.6
3 info using node@v5.0.0
4 verbose publish [ '.' ]
5 silly cache add args [ '.', null ]
6 verbose cache add spec .
7 silly cache add parsed spec Result {
7 silly cache add   raw: '.',
7 silly cache add   scope: null,
7 silly cache add   name: null,
7 silly cache add   rawSpec: '.',
7 silly cache add   spec: '/Users/fernando/iandi/metalsmith-polyglot',
7 silly cache add   type: 'directory' }
8 verbose addLocalDirectory /Users/fernando/.npm/metalsmith-polyglot/0.3.0/package.tgz not in flight; packing
9 info lifecycle metalsmith-polyglot@0.3.0~prepublish: metalsmith-polyglot@0.3.0
10 silly lifecycle metalsmith-polyglot@0.3.0~prepublish: no script for prepublish, continuing
11 verbose tar pack [ '/Users/fernando/.npm/metalsmith-polyglot/0.3.0/package.tgz',
11 verbose tar pack   '/Users/fernando/iandi/metalsmith-polyglot' ]
12 verbose tarball /Users/fernando/.npm/metalsmith-polyglot/0.3.0/package.tgz
13 verbose folder /Users/fernando/iandi/metalsmith-polyglot
14 verbose addLocalTarball adding from inside cache /Users/fernando/.npm/metalsmith-polyglot/0.3.0/package.tgz
15 silly cache afterAdd metalsmith-polyglot@0.3.0
16 verbose afterAdd /Users/fernando/.npm/metalsmith-polyglot/0.3.0/package/package.json not in flight; writing
17 verbose afterAdd /Users/fernando/.npm/metalsmith-polyglot/0.3.0/package/package.json written
18 silly publish { name: 'metalsmith-polyglot',
18 silly publish   version: '0.3.0',
18 silly publish   description: 'Metalsmith plugin for translation paths',
18 silly publish   main: 'polyglot.js',
18 silly publish   scripts: { test: 'echo "Error: no test specified" && exit 1' },
18 silly publish   repository:
18 silly publish    { type: 'git',
18 silly publish      url: 'git+https://github.com/fdoxyz/metalsmith-polyglot.git' },
18 silly publish   keywords: [ 'metalsmith', 'translations', 'plugin' ],
18 silly publish   author:
18 silly publish    { name: 'Fernando Valverde',
18 silly publish      email: 'fdov88@gmail.com',
18 silly publish      url: 'http://visualcosita.xyz' },
18 silly publish   license: 'MIT',
18 silly publish   bugs: { url: 'https://github.com/fdoxyz/metalsmith-polyglot/issues' },
18 silly publish   homepage: 'https://github.com/fdoxyz/metalsmith-polyglot#readme',
18 silly publish   readme: '# metalsmith-polyglot ![version](https://img.shields.io/badge/version-0.3.0-blue.svg)\n\n  A Metalsmith plugin that creates relative paths metadata for files in a website using `lang/path` as a convention for translated files in your domain (the base language lang code is omitted). This means no need of javscript or complicated definitions for translating.\n\n## Installation\n\n    $ npm install metalsmith-polyglot\n\n## Usage\n\n  This plugin is intented for projects that use an output hierarchy that mirrors your base language content with a `root based` and `language-code` ordered translations (supports [permalinks](https://github.com/segmentio/metalsmith-permalinks) by default). It is required to tag your files\' language code using front matter `lang: es`.\n\n  The following is an example structure for a translated website:\n\n```\nsrc/\n    content/\n        index.html\n        post/\n            first-post/\n                index.html\n            second-post/\n                index.html\n    es/\n        index.html\n        post/\n            first-post/\n                index.html\n            second-post/\n                index.html\n```\n\n  The polyglot plugin will parse the structure and filenames that match and output a translation path on to the metadata, available for templates to use for each language as in `translationPath.es` or `translationPath.en` for every file. In the following example, a root `index.html` homepage is generated and permalinks are filtered to work with the contents only (using the [metalsmith-branch](https://github.com/ericgj/metalsmith-branch) plugin).\n\n  Note that the root homepage is also translated. Using the front matter `lang` tag will tell polyglot to search for matches and generate translationPath metadata available at template time.\n\n```js\nvar Metalsmith = require(\'metalsmith\'),\n    permalinks = require(\'metalsmith-permalinks\'),\n    branch = require(\'metalsmith-branch\'),\n    polyglot = require(\'metalsmith-polyglot\'),\n    layouts = require(\'metalsmith-layouts\');\n\nvar metalsmith = new Metalsmith(__dirname)\n    .use(branch(\'content/post/**.html\')\n        .use(permalinks({\n            pattern: \'post/:title\'\n        }))\n    )\n    .use(branch(\'es/post/**.html\')\n        .use(permalinks({\n            pattern: \'es/post/:title\'\n        }))\n    )\n    .use(polyglot())\n    .use(layouts({\n        engine: \'jade\'\n    }))\n    .build(function(err) {\n        if (err) {\n            console.log(err);\n        }\n    });\n```\n\nThe template snippet might look something like this (of course, more elaborated design and mobile friendly support would be implemented for a real website).\n\n```jade\na(href="#{translationPath.es}") SPANISH\na(href="#{translationPath.fr}") FRENCH\n```\n\n#### Options\n\n* **baseLang**\n  * Type: String\n  * Description: The base language of the project. Defaults to "en".\n\n* **permalinksEnabled**\n  * Type: Boolean\n  * Description: Indicates whether permalinks are used or not. Defaults to true.\n\n* **emptyRedirect**\n  * Type: String\n  * Description: When working on a project and a file is not translated, send a specific url path to redirect every translation path. Defaults to the root url of the wanted language "/langCode" ("/" for base language missing path).\n\n## License\n\n  MIT\n',
18 silly publish   readmeFilename: 'Readme.md',
18 silly publish   gitHead: '79bbc168a7230f2cd575e99328439f857fde3a97',
18 silly publish   _id: 'metalsmith-polyglot@0.3.0',
18 silly publish   _shasum: 'b4dfd2da84020dce8e7177728138810346992bc3',
18 silly publish   _from: '.' }
19 verbose getPublishConfig undefined
20 silly mapToRegistry name metalsmith-polyglot
21 silly mapToRegistry using default registry
22 silly mapToRegistry registry https://registry.npmjs.org/
23 silly mapToRegistry uri https://registry.npmjs.org/metalsmith-polyglot
24 verbose publish registryBase https://registry.npmjs.org/
25 silly publish uploading /Users/fernando/.npm/metalsmith-polyglot/0.3.0/package.tgz
26 verbose request uri https://registry.npmjs.org/metalsmith-polyglot
27 verbose request sending authorization for write operation
28 info attempt registry request try #1 at 5:03:12 PM
29 verbose request using bearer token for auth
30 verbose request id d707f8730a70687c
31 http request PUT https://registry.npmjs.org/metalsmith-polyglot
32 http 403 https://registry.npmjs.org/metalsmith-polyglot
33 verbose headers { 'content-type': 'application/json',
33 verbose headers   'cache-control': 'max-age=60',
33 verbose headers   'content-length': '95',
33 verbose headers   'accept-ranges': 'bytes',
33 verbose headers   date: 'Sun, 08 Nov 2015 16:03:13 GMT',
33 verbose headers   via: '1.1 varnish',
33 verbose headers   connection: 'keep-alive',
33 verbose headers   'x-served-by': 'cache-ams4124-AMS',
33 verbose headers   'x-cache': 'MISS',
33 verbose headers   'x-cache-hits': '0',
33 verbose headers   'x-timer': 'S1446998592.734335,VS0,VE1007' }
34 verbose request invalidating /Users/fernando/.npm/registry.npmjs.org/metalsmith-polyglot on PUT
35 error publish Failed PUT 403
36 verbose stack Error: "You cannot publish over the previously published version 0.3.0." : metalsmith-polyglot
36 verbose stack     at makeError (/usr/local/lib/node_modules/npm/node_modules/npm-registry-client/lib/request.js:264:12)
36 verbose stack     at CachingRegistryClient.<anonymous> (/usr/local/lib/node_modules/npm/node_modules/npm-registry-client/lib/request.js:252:14)
36 verbose stack     at Request._callback (/usr/local/lib/node_modules/npm/node_modules/npm-registry-client/lib/request.js:172:14)
36 verbose stack     at Request.self.callback (/usr/local/lib/node_modules/npm/node_modules/request/request.js:198:22)
36 verbose stack     at emitTwo (events.js:87:13)
36 verbose stack     at Request.emit (events.js:172:7)
36 verbose stack     at Request.<anonymous> (/usr/local/lib/node_modules/npm/node_modules/request/request.js:1063:14)
36 verbose stack     at emitOne (events.js:82:20)
36 verbose stack     at Request.emit (events.js:169:7)
36 verbose stack     at IncomingMessage.<anonymous> (/usr/local/lib/node_modules/npm/node_modules/request/request.js:1009:12)
37 verbose statusCode 403
38 verbose pkgid metalsmith-polyglot
39 verbose cwd /Users/fernando/iandi/metalsmith-polyglot
40 error Darwin 14.5.0
41 error argv "/usr/local/bin/node" "/usr/local/bin/npm" "publish" "."
42 error node v5.0.0
43 error npm  v3.3.6
44 error code E403
45 error "You cannot publish over the previously published version 0.3.0." : metalsmith-polyglot
46 error If you need help, you may report this error at:
46 error     <https://github.com/npm/npm/issues>
47 verbose exit [ 1, true ]
